<?xml version="1.0" encoding="UTF-8"?>
<testng-results ignored="0" total="1" passed="1" failed="0" skipped="0">
  <reporter-output>
  </reporter-output>
  <suite started-at="2023-04-16T23:46:17 IST" name="Suite" finished-at="2023-04-16T23:46:27 IST" duration-ms="9267">
    <groups>
    </groups>
    <test started-at="2023-04-16T23:46:17 IST" name="Test" finished-at="2023-04-16T23:46:27 IST" duration-ms="9267">
      <class name="com.samplejenkins.JenkinsTest">
        <test-method is-config="true" signature="setup()[pri:0, instance:com.samplejenkins.JenkinsTest@71238fc2]" started-at="2023-04-16T23:46:17 IST" name="setup" finished-at="2023-04-16T23:46:21 IST" duration-ms="3857" status="PASS">
          <reporter-output>
          </reporter-output>
        </test-method> <!-- setup -->
        <test-method signature="login()[pri:1, instance:com.samplejenkins.JenkinsTest@71238fc2]" started-at="2023-04-16T23:46:21 IST" name="login" finished-at="2023-04-16T23:46:27 IST" duration-ms="5301" status="PASS">
          <reporter-output>
          </reporter-output>
        </test-method> <!-- login -->
        <test-method is-config="true" signature="tearDown()[pri:0, instance:com.samplejenkins.JenkinsTest@71238fc2]" started-at="2023-04-16T23:46:27 IST" name="tearDown" finished-at="2023-04-16T23:46:27 IST" duration-ms="84" status="PASS">
          <reporter-output>
          </reporter-output>
        </test-method> <!-- tearDown -->
      </class> <!-- com.samplejenkins.JenkinsTest -->
    </test> <!-- Test -->
  </suite> <!-- Suite -->
</testng-results>
